  [1m[36mPost Load (1.0ms)[0m  [1mSELECT "posts".* FROM "posts" ORDER BY "posts"."id" ASC LIMIT 1[0m
SQLite3::SQLException: no such table: posts: SELECT  "posts".* FROM "posts"   ORDER BY "posts"."id" ASC LIMIT 1


Started GET "/" for 127.0.0.1 at 2015-08-10 13:48:37 -0400

ActiveRecord::PendingMigrationError (Migrations are pending; run 'rake db:migrate RAILS_ENV=development' to resolve this issue.):
  activerecord (4.0.0) lib/active_record/migration.rb:379:in `check_pending!'
  activerecord (4.0.0) lib/active_record/migration.rb:366:in `call'
  actionpack (4.0.0) lib/action_dispatch/middleware/callbacks.rb:29:in `block in call'
  activesupport (4.0.0) lib/active_support/callbacks.rb:373:in `_run__97240860__call__callbacks'
  activesupport (4.0.0) lib/active_support/callbacks.rb:80:in `run_callbacks'
  actionpack (4.0.0) lib/action_dispatch/middleware/callbacks.rb:27:in `call'
  actionpack (4.0.0) lib/action_dispatch/middleware/reloader.rb:64:in `call'
  actionpack (4.0.0) lib/action_dispatch/middleware/remote_ip.rb:76:in `call'
  actionpack (4.0.0) lib/action_dispatch/middleware/debug_exceptions.rb:17:in `call'
  actionpack (4.0.0) lib/action_dispatch/middleware/show_exceptions.rb:30:in `call'
  railties (4.0.0) lib/rails/rack/logger.rb:38:in `call_app'
  railties (4.0.0) lib/rails/rack/logger.rb:21:in `block in call'
  activesupport (4.0.0) lib/active_support/tagged_logging.rb:67:in `block in tagged'
  activesupport (4.0.0) lib/active_support/tagged_logging.rb:25:in `tagged'
  activesupport (4.0.0) lib/active_support/tagged_logging.rb:67:in `tagged'
  railties (4.0.0) lib/rails/rack/logger.rb:21:in `call'
  quiet_assets (1.0.2) lib/quiet_assets.rb:18:in `call_with_quiet_assets'
  actionpack (4.0.0) lib/action_dispatch/middleware/request_id.rb:21:in `call'
  rack (1.5.2) lib/rack/methodoverride.rb:21:in `call'
  rack (1.5.2) lib/rack/runtime.rb:17:in `call'
  activesupport (4.0.0) lib/active_support/cache/strategy/local_cache.rb:83:in `call'
  rack (1.5.2) lib/rack/lock.rb:17:in `call'
  actionpack (4.0.0) lib/action_dispatch/middleware/static.rb:64:in `call'
  railties (4.0.0) lib/rails/engine.rb:511:in `call'
  railties (4.0.0) lib/rails/application.rb:97:in `call'
  rack (1.5.2) lib/rack/lock.rb:17:in `call'
  rack (1.5.2) lib/rack/content_length.rb:14:in `call'
  rack (1.5.2) lib/rack/handler/webrick.rb:60:in `service'
  C:/RailsInstaller/Ruby1.9.3/lib/ruby/1.9.1/webrick/httpserver.rb:138:in `service'
  C:/RailsInstaller/Ruby1.9.3/lib/ruby/1.9.1/webrick/httpserver.rb:94:in `run'
  C:/RailsInstaller/Ruby1.9.3/lib/ruby/1.9.1/webrick/server.rb:191:in `block in start_thread'


  Rendered C:/RailsInstaller/Ruby1.9.3/lib/ruby/gems/1.9.1/gems/actionpack-4.0.0/lib/action_dispatch/middleware/templates/rescues/_source.erb (1.0ms)
  Rendered C:/RailsInstaller/Ruby1.9.3/lib/ruby/gems/1.9.1/gems/actionpack-4.0.0/lib/action_dispatch/middleware/templates/rescues/_trace.erb (2.0ms)
  Rendered C:/RailsInstaller/Ruby1.9.3/lib/ruby/gems/1.9.1/gems/actionpack-4.0.0/lib/action_dispatch/middleware/templates/rescues/_request_and_response.erb (1.0ms)
  Rendered C:/RailsInstaller/Ruby1.9.3/lib/ruby/gems/1.9.1/gems/actionpack-4.0.0/lib/action_dispatch/middleware/templates/rescues/diagnostics.erb within rescues/layout (76.0ms)


Started GET "/" for 127.0.0.1 at 2015-08-10 13:49:16 -0400

ActiveRecord::PendingMigrationError (Migrations are pending; run 'rake db:migrate RAILS_ENV=development' to resolve this issue.):
  activerecord (4.0.0) lib/active_record/migration.rb:379:in `check_pending!'
  activerecord (4.0.0) lib/active_record/migration.rb:366:in `call'
  actionpack (4.0.0) lib/action_dispatch/middleware/callbacks.rb:29:in `block in call'
  activesupport (4.0.0) lib/active_support/callbacks.rb:373:in `_run__97240860__call__callbacks'
  activesupport (4.0.0) lib/active_support/callbacks.rb:80:in `run_callbacks'
  actionpack (4.0.0) lib/action_dispatch/middleware/callbacks.rb:27:in `call'
  actionpack (4.0.0) lib/action_dispatch/middleware/reloader.rb:64:in `call'
  actionpack (4.0.0) lib/action_dispatch/middleware/remote_ip.rb:76:in `call'
  actionpack (4.0.0) lib/action_dispatch/middleware/debug_exceptions.rb:17:in `call'
  actionpack (4.0.0) lib/action_dispatch/middleware/show_exceptions.rb:30:in `call'
  railties (4.0.0) lib/rails/rack/logger.rb:38:in `call_app'
  railties (4.0.0) lib/rails/rack/logger.rb:21:in `block in call'
  activesupport (4.0.0) lib/active_support/tagged_logging.rb:67:in `block in tagged'
  activesupport (4.0.0) lib/active_support/tagged_logging.rb:25:in `tagged'
  activesupport (4.0.0) lib/active_support/tagged_logging.rb:67:in `tagged'
  railties (4.0.0) lib/rails/rack/logger.rb:21:in `call'
  quiet_assets (1.0.2) lib/quiet_assets.rb:18:in `call_with_quiet_assets'
  actionpack (4.0.0) lib/action_dispatch/middleware/request_id.rb:21:in `call'
  rack (1.5.2) lib/rack/methodoverride.rb:21:in `call'
  rack (1.5.2) lib/rack/runtime.rb:17:in `call'
  activesupport (4.0.0) lib/active_support/cache/strategy/local_cache.rb:83:in `call'
  rack (1.5.2) lib/rack/lock.rb:17:in `call'
  actionpack (4.0.0) lib/action_dispatch/middleware/static.rb:64:in `call'
  railties (4.0.0) lib/rails/engine.rb:511:in `call'
  railties (4.0.0) lib/rails/application.rb:97:in `call'
  rack (1.5.2) lib/rack/lock.rb:17:in `call'
  rack (1.5.2) lib/rack/content_length.rb:14:in `call'
  rack (1.5.2) lib/rack/handler/webrick.rb:60:in `service'
  C:/RailsInstaller/Ruby1.9.3/lib/ruby/1.9.1/webrick/httpserver.rb:138:in `service'
  C:/RailsInstaller/Ruby1.9.3/lib/ruby/1.9.1/webrick/httpserver.rb:94:in `run'
  C:/RailsInstaller/Ruby1.9.3/lib/ruby/1.9.1/webrick/server.rb:191:in `block in start_thread'


  Rendered C:/RailsInstaller/Ruby1.9.3/lib/ruby/gems/1.9.1/gems/actionpack-4.0.0/lib/action_dispatch/middleware/templates/rescues/_source.erb (1.0ms)
  Rendered C:/RailsInstaller/Ruby1.9.3/lib/ruby/gems/1.9.1/gems/actionpack-4.0.0/lib/action_dispatch/middleware/templates/rescues/_trace.erb (1.0ms)
  Rendered C:/RailsInstaller/Ruby1.9.3/lib/ruby/gems/1.9.1/gems/actionpack-4.0.0/lib/action_dispatch/middleware/templates/rescues/_request_and_response.erb (1.0ms)
  Rendered C:/RailsInstaller/Ruby1.9.3/lib/ruby/gems/1.9.1/gems/actionpack-4.0.0/lib/action_dispatch/middleware/templates/rescues/diagnostics.erb within rescues/layout (56.0ms)


Started GET "/" for 127.0.0.1 at 2015-08-10 13:49:19 -0400

ActiveRecord::PendingMigrationError (Migrations are pending; run 'rake db:migrate RAILS_ENV=development' to resolve this issue.):
  activerecord (4.0.0) lib/active_record/migration.rb:379:in `check_pending!'
  activerecord (4.0.0) lib/active_record/migration.rb:366:in `call'
  actionpack (4.0.0) lib/action_dispatch/middleware/callbacks.rb:29:in `block in call'
  activesupport (4.0.0) lib/active_support/callbacks.rb:373:in `_run__97240860__call__callbacks'
  activesupport (4.0.0) lib/active_support/callbacks.rb:80:in `run_callbacks'
  actionpack (4.0.0) lib/action_dispatch/middleware/callbacks.rb:27:in `call'
  actionpack (4.0.0) lib/action_dispatch/middleware/reloader.rb:64:in `call'
  actionpack (4.0.0) lib/action_dispatch/middleware/remote_ip.rb:76:in `call'
  actionpack (4.0.0) lib/action_dispatch/middleware/debug_exceptions.rb:17:in `call'
  actionpack (4.0.0) lib/action_dispatch/middleware/show_exceptions.rb:30:in `call'
  railties (4.0.0) lib/rails/rack/logger.rb:38:in `call_app'
  railties (4.0.0) lib/rails/rack/logger.rb:21:in `block in call'
  activesupport (4.0.0) lib/active_support/tagged_logging.rb:67:in `block in tagged'
  activesupport (4.0.0) lib/active_support/tagged_logging.rb:25:in `tagged'
  activesupport (4.0.0) lib/active_support/tagged_logging.rb:67:in `tagged'
  railties (4.0.0) lib/rails/rack/logger.rb:21:in `call'
  quiet_assets (1.0.2) lib/quiet_assets.rb:18:in `call_with_quiet_assets'
  actionpack (4.0.0) lib/action_dispatch/middleware/request_id.rb:21:in `call'
  rack (1.5.2) lib/rack/methodoverride.rb:21:in `call'
  rack (1.5.2) lib/rack/runtime.rb:17:in `call'
  activesupport (4.0.0) lib/active_support/cache/strategy/local_cache.rb:83:in `call'
  rack (1.5.2) lib/rack/lock.rb:17:in `call'
  actionpack (4.0.0) lib/action_dispatch/middleware/static.rb:64:in `call'
  railties (4.0.0) lib/rails/engine.rb:511:in `call'
  railties (4.0.0) lib/rails/application.rb:97:in `call'
  rack (1.5.2) lib/rack/lock.rb:17:in `call'
  rack (1.5.2) lib/rack/content_length.rb:14:in `call'
  rack (1.5.2) lib/rack/handler/webrick.rb:60:in `service'
  C:/RailsInstaller/Ruby1.9.3/lib/ruby/1.9.1/webrick/httpserver.rb:138:in `service'
  C:/RailsInstaller/Ruby1.9.3/lib/ruby/1.9.1/webrick/httpserver.rb:94:in `run'
  C:/RailsInstaller/Ruby1.9.3/lib/ruby/1.9.1/webrick/server.rb:191:in `block in start_thread'


  Rendered C:/RailsInstaller/Ruby1.9.3/lib/ruby/gems/1.9.1/gems/actionpack-4.0.0/lib/action_dispatch/middleware/templates/rescues/_source.erb (1.0ms)
  Rendered C:/RailsInstaller/Ruby1.9.3/lib/ruby/gems/1.9.1/gems/actionpack-4.0.0/lib/action_dispatch/middleware/templates/rescues/_trace.erb (2.0ms)
  Rendered C:/RailsInstaller/Ruby1.9.3/lib/ruby/gems/1.9.1/gems/actionpack-4.0.0/lib/action_dispatch/middleware/templates/rescues/_request_and_response.erb (3.0ms)
  Rendered C:/RailsInstaller/Ruby1.9.3/lib/ruby/gems/1.9.1/gems/actionpack-4.0.0/lib/action_dispatch/middleware/templates/rescues/diagnostics.erb within rescues/layout (84.0ms)


Started GET "/" for 127.0.0.1 at 2015-08-10 13:50:35 -0400

ActiveRecord::PendingMigrationError (Migrations are pending; run 'rake db:migrate RAILS_ENV=development' to resolve this issue.):
  activerecord (4.0.0) lib/active_record/migration.rb:379:in `check_pending!'
  activerecord (4.0.0) lib/active_record/migration.rb:366:in `call'
  actionpack (4.0.0) lib/action_dispatch/middleware/callbacks.rb:29:in `block in call'
  activesupport (4.0.0) lib/active_support/callbacks.rb:373:in `_run__977807399__call__callbacks'
  activesupport (4.0.0) lib/active_support/callbacks.rb:80:in `run_callbacks'
  actionpack (4.0.0) lib/action_dispatch/middleware/callbacks.rb:27:in `call'
  actionpack (4.0.0) lib/action_dispatch/middleware/reloader.rb:64:in `call'
  actionpack (4.0.0) lib/action_dispatch/middleware/remote_ip.rb:76:in `call'
  actionpack (4.0.0) lib/action_dispatch/middleware/debug_exceptions.rb:17:in `call'
  actionpack (4.0.0) lib/action_dispatch/middleware/show_exceptions.rb:30:in `call'
  railties (4.0.0) lib/rails/rack/logger.rb:38:in `call_app'
  railties (4.0.0) lib/rails/rack/logger.rb:21:in `block in call'
  activesupport (4.0.0) lib/active_support/tagged_logging.rb:67:in `block in tagged'
  activesupport (4.0.0) lib/active_support/tagged_logging.rb:25:in `tagged'
  activesupport (4.0.0) lib/active_support/tagged_logging.rb:67:in `tagged'
  railties (4.0.0) lib/rails/rack/logger.rb:21:in `call'
  quiet_assets (1.0.2) lib/quiet_assets.rb:18:in `call_with_quiet_assets'
  actionpack (4.0.0) lib/action_dispatch/middleware/request_id.rb:21:in `call'
  rack (1.5.2) lib/rack/methodoverride.rb:21:in `call'
  rack (1.5.2) lib/rack/runtime.rb:17:in `call'
  activesupport (4.0.0) lib/active_support/cache/strategy/local_cache.rb:83:in `call'
  rack (1.5.2) lib/rack/lock.rb:17:in `call'
  actionpack (4.0.0) lib/action_dispatch/middleware/static.rb:64:in `call'
  railties (4.0.0) lib/rails/engine.rb:511:in `call'
  railties (4.0.0) lib/rails/application.rb:97:in `call'
  rack (1.5.2) lib/rack/lock.rb:17:in `call'
  rack (1.5.2) lib/rack/content_length.rb:14:in `call'
  rack (1.5.2) lib/rack/handler/webrick.rb:60:in `service'
  C:/RailsInstaller/Ruby1.9.3/lib/ruby/1.9.1/webrick/httpserver.rb:138:in `service'
  C:/RailsInstaller/Ruby1.9.3/lib/ruby/1.9.1/webrick/httpserver.rb:94:in `run'
  C:/RailsInstaller/Ruby1.9.3/lib/ruby/1.9.1/webrick/server.rb:191:in `block in start_thread'


  Rendered C:/RailsInstaller/Ruby1.9.3/lib/ruby/gems/1.9.1/gems/actionpack-4.0.0/lib/action_dispatch/middleware/templates/rescues/_source.erb (1.0ms)
  Rendered C:/RailsInstaller/Ruby1.9.3/lib/ruby/gems/1.9.1/gems/actionpack-4.0.0/lib/action_dispatch/middleware/templates/rescues/_trace.erb (1.0ms)
  Rendered C:/RailsInstaller/Ruby1.9.3/lib/ruby/gems/1.9.1/gems/actionpack-4.0.0/lib/action_dispatch/middleware/templates/rescues/_request_and_response.erb (19.0ms)
  Rendered C:/RailsInstaller/Ruby1.9.3/lib/ruby/gems/1.9.1/gems/actionpack-4.0.0/lib/action_dispatch/middleware/templates/rescues/diagnostics.erb within rescues/layout (60.0ms)
  [1m[36m (15.0ms)[0m  [1mCREATE TABLE "schema_migrations" ("version" varchar(255) NOT NULL) [0m
  [1m[35m (14.0ms)[0m  CREATE UNIQUE INDEX "unique_schema_migrations" ON "schema_migrations" ("version")
  [1m[36mActiveRecord::SchemaMigration Load (0.0ms)[0m  [1mSELECT "schema_migrations".* FROM "schema_migrations"[0m
Migrating to CreatePosts (20150725143619)
  [1m[35m (0.0ms)[0m  begin transaction
  [1m[36m (2.0ms)[0m  [1mCREATE TABLE "posts" ("id" INTEGER PRIMARY KEY AUTOINCREMENT NOT NULL, "url" varchar(255), "title" varchar(255), "description" text) [0m
  [1m[35mSQL (1.0ms)[0m  INSERT INTO "schema_migrations" ("version") VALUES (?)  [["version", "20150725143619"]]
  [1m[36m (59.0ms)[0m  [1mcommit transaction[0m
Migrating to CreateUsers (20150725144345)
  [1m[35m (0.0ms)[0m  begin transaction
  [1m[36m (3.0ms)[0m  [1mCREATE TABLE "users" ("id" INTEGER PRIMARY KEY AUTOINCREMENT NOT NULL, "username" varchar(255)) [0m
  [1m[35mSQL (1.0ms)[0m  INSERT INTO "schema_migrations" ("version") VALUES (?)  [["version", "20150725144345"]]
  [1m[36m (9.0ms)[0m  [1mcommit transaction[0m
Migrating to AddKeyToPosts (20150725144838)
  [1m[35m (0.0ms)[0m  begin transaction
  [1m[36m (3.0ms)[0m  [1mALTER TABLE "posts" ADD "user_id" integer[0m
  [1m[35mSQL (1.0ms)[0m  INSERT INTO "schema_migrations" ("version") VALUES (?)  [["version", "20150725144838"]]
  [1m[36m (9.0ms)[0m  [1mcommit transaction[0m
Migrating to CreateComments (20150725145447)
  [1m[35m (0.0ms)[0m  begin transaction
  [1m[36m (3.0ms)[0m  [1mCREATE TABLE "comments" ("id" INTEGER PRIMARY KEY AUTOINCREMENT NOT NULL, "body" text, "user_id" integer, "post_id" integer) [0m
  [1m[35mSQL (1.0ms)[0m  INSERT INTO "schema_migrations" ("version") VALUES (?)  [["version", "20150725145447"]]
  [1m[36m (13.0ms)[0m  [1mcommit transaction[0m
Migrating to AddCommentKeyToPosts (20150725150015)
  [1m[35m (0.0ms)[0m  begin transaction
  [1m[36m (3.0ms)[0m  [1mALTER TABLE "posts" ADD "comment_id" integer[0m
  [1m[35mSQL (0.0ms)[0m  INSERT INTO "schema_migrations" ("version") VALUES (?)  [["version", "20150725150015"]]
  [1m[36m (11.0ms)[0m  [1mcommit transaction[0m
Migrating to CreateCategories (20150725150714)
  [1m[35m (0.0ms)[0m  begin transaction
  [1m[36m (2.0ms)[0m  [1mCREATE TABLE "categories" ("id" INTEGER PRIMARY KEY AUTOINCREMENT NOT NULL, "name" varchar(255)) [0m
  [1m[35mSQL (1.0ms)[0m  INSERT INTO "schema_migrations" ("version") VALUES (?)  [["version", "20150725150714"]]
  [1m[36m (11.0ms)[0m  [1mcommit transaction[0m
Migrating to AddTimestamps (20150725153916)
  [1m[35m (1.0ms)[0m  begin transaction
  [1m[36m (3.0ms)[0m  [1mALTER TABLE "posts" ADD "created_at" datetime[0m
  [1m[35m (1.0ms)[0m  ALTER TABLE "posts" ADD "updated_at" datetime
  [1m[36m (0.0ms)[0m  [1mALTER TABLE "users" ADD "created_at" datetime[0m
  [1m[35m (0.0ms)[0m  ALTER TABLE "users" ADD "updated_at" datetime
  [1m[36m (1.0ms)[0m  [1mALTER TABLE "comments" ADD "created_at" datetime[0m
  [1m[35m (1.0ms)[0m  ALTER TABLE "comments" ADD "updated_at" datetime
  [1m[36m (1.0ms)[0m  [1mALTER TABLE "categories" ADD "created_at" datetime[0m
  [1m[35m (0.0ms)[0m  ALTER TABLE "categories" ADD "updated_at" datetime
  [1m[36mSQL (0.0ms)[0m  [1mINSERT INTO "schema_migrations" ("version") VALUES (?)[0m  [["version", "20150725153916"]]
  [1m[35m (9.0ms)[0m  commit transaction
Migrating to CreatePostCategories (20150725232929)
  [1m[36m (0.0ms)[0m  [1mbegin transaction[0m
  [1m[35m (3.0ms)[0m  CREATE TABLE "post_categories" ("id" INTEGER PRIMARY KEY AUTOINCREMENT NOT NULL, "post_id" integer, "category_id" integer) 
  [1m[36mSQL (0.0ms)[0m  [1mINSERT INTO "schema_migrations" ("version") VALUES (?)[0m  [["version", "20150725232929"]]
  [1m[35m (10.0ms)[0m  commit transaction
  [1m[36mActiveRecord::SchemaMigration Load (1.0ms)[0m  [1mSELECT "schema_migrations".* FROM "schema_migrations"[0m


Started GET "/" for 127.0.0.1 at 2015-08-10 16:30:52 -0400
  [1m[36mActiveRecord::SchemaMigration Load (1.0ms)[0m  [1mSELECT "schema_migrations".* FROM "schema_migrations"[0m
Processing by PostsController#index as HTML
  Rendered shared/_content_title.html.erb (2.0ms)
  [1m[35mPost Load (1.0ms)[0m  SELECT "posts".* FROM "posts"
  Rendered posts/index.html.erb within layouts/application (58.0ms)
  [1m[36mCategory Load (0.0ms)[0m  [1mSELECT "categories".* FROM "categories"[0m
  Rendered layouts/_navigation.html.erb (22.0ms)
  Rendered layouts/_messages.html.erb (1.0ms)
Completed 200 OK in 13947ms (Views: 13774.0ms | ActiveRecord: 2.0ms)
  [1m[36mActiveRecord::SchemaMigration Load (0.0ms)[0m  [1mSELECT "schema_migrations".* FROM "schema_migrations"[0m


Started GET "/" for 127.0.0.1 at 2015-08-10 16:33:33 -0400
  [1m[36mActiveRecord::SchemaMigration Load (1.0ms)[0m  [1mSELECT "schema_migrations".* FROM "schema_migrations"[0m
Processing by PostsController#index as HTML
  Rendered shared/_content_title.html.erb (1.0ms)
  [1m[35mPost Load (1.0ms)[0m  SELECT "posts".* FROM "posts"
  Rendered posts/index.html.erb within layouts/application (38.0ms)
  [1m[36mCategory Load (0.0ms)[0m  [1mSELECT "categories".* FROM "categories"[0m
  Rendered layouts/_navigation.html.erb (23.0ms)
  Rendered layouts/_messages.html.erb (1.0ms)
Completed 200 OK in 629ms (Views: 541.0ms | ActiveRecord: 4.0ms)


Started GET "/posts/new" for 127.0.0.1 at 2015-08-10 16:33:45 -0400
Processing by PostsController#new as HTML
  Rendered shared/_content_title.html.erb (1.0ms)
  Rendered shared/_errors.html.erb (14.0ms)
  [1m[35mCategory Load (1.0ms)[0m  SELECT "categories".* FROM "categories"
  Rendered posts/_form.html.erb (158.0ms)
  Rendered posts/new.html.erb within layouts/application (172.0ms)
  [1m[36mCACHE (0.0ms)[0m  [1mSELECT "categories".* FROM "categories"[0m
  Rendered layouts/_navigation.html.erb (5.0ms)
  Rendered layouts/_messages.html.erb (1.0ms)
Completed 200 OK in 251ms (Views: 248.0ms | ActiveRecord: 1.0ms)


Started POST "/posts" for 127.0.0.1 at 2015-08-10 16:33:58 -0400
Processing by PostsController#create as HTML
  Parameters: {"utf8"=>"✓", "authenticity_token"=>"L5RNXZJddzl2OqUEMaK5b7t41bemuI6d5Sdf5JrIQxQ=", "post"=>{"title"=>"test", "url"=>"test", "description"=>"test test"}, "commit"=>"Create Post"}
  [1m[35m (0.0ms)[0m  begin transaction
  [1m[36mPost Exists (1.0ms)[0m  [1mSELECT 1 AS one FROM "posts" WHERE "posts"."url" = 'test' LIMIT 1[0m
  [1m[35m (0.0ms)[0m  rollback transaction
  Rendered shared/_content_title.html.erb (0.0ms)
  Rendered shared/_errors.html.erb (3.0ms)
  [1m[36mCategory Load (1.0ms)[0m  [1mSELECT "categories".* FROM "categories"[0m
  Rendered posts/_form.html.erb (20.0ms)
  Rendered posts/new.html.erb within layouts/application (31.0ms)
  [1m[35mCACHE (0.0ms)[0m  SELECT "categories".* FROM "categories"
  Rendered layouts/_navigation.html.erb (3.0ms)
  Rendered layouts/_messages.html.erb (0.0ms)
Completed 200 OK in 15957ms (Views: 118.0ms | ActiveRecord: 2.0ms)


Started POST "/posts" for 127.0.0.1 at 2015-08-10 16:34:35 -0400
Processing by PostsController#create as HTML
  Parameters: {"utf8"=>"✓", "authenticity_token"=>"L5RNXZJddzl2OqUEMaK5b7t41bemuI6d5Sdf5JrIQxQ=", "post"=>{"title"=>"test title", "url"=>"test-url.com", "description"=>"test description"}, "commit"=>"Create Post"}
  [1m[36m (0.0ms)[0m  [1mbegin transaction[0m
  [1m[35mPost Exists (1.0ms)[0m  SELECT 1 AS one FROM "posts" WHERE "posts"."url" = 'test-url.com' LIMIT 1
  [1m[36mSQL (42.0ms)[0m  [1mINSERT INTO "posts" ("created_at", "description", "title", "updated_at", "url", "user_id") VALUES (?, ?, ?, ?, ?, ?)[0m  [["created_at", Mon, 10 Aug 2015 20:34:43 UTC +00:00], ["description", "test description"], ["title", "test title"], ["updated_at", Mon, 10 Aug 2015 20:34:43 UTC +00:00], ["url", "test-url.com"], ["user_id", 1]]
  [1m[35m (11.0ms)[0m  commit transaction
Redirected to http://localhost:3000/posts/1
Completed 302 Found in 8860ms (ActiveRecord: 54.0ms)


Started GET "/posts/1" for 127.0.0.1 at 2015-08-10 16:34:44 -0400
Processing by PostsController#show as HTML
  Parameters: {"id"=>"1"}
  [1m[36mPost Load (0.0ms)[0m  [1mSELECT "posts".* FROM "posts" WHERE "posts"."id" = ? LIMIT 1[0m  [["id", "1"]]
  [1m[35mCategory Load (1.0ms)[0m  SELECT "categories".* FROM "categories" INNER JOIN "post_categories" ON "categories"."id" = "post_categories"."category_id" WHERE "post_categories"."post_id" = ?  [["post_id", 1]]
  Rendered collection (1.0ms)
  Rendered shared/_content_title.html.erb (0.0ms)
  [1m[36mComment Load (0.0ms)[0m  [1mSELECT "comments".* FROM "comments" WHERE "comments"."post_id" = ?[0m  [["post_id", 1]]
  Rendered shared/_errors.html.erb (0.0ms)
  Rendered comments/_form.html.erb (51.0ms)
  Rendered posts/show.html.erb within layouts/application (297.0ms)
  [1m[35mCategory Load (1.0ms)[0m  SELECT "categories".* FROM "categories"
  Rendered layouts/_navigation.html.erb (4.0ms)
  Rendered layouts/_messages.html.erb (0.0ms)
Completed 200 OK in 402ms (Views: 362.0ms | ActiveRecord: 3.0ms)


Started GET "/" for 127.0.0.1 at 2015-08-10 16:34:53 -0400
Processing by PostsController#index as HTML
  Rendered shared/_content_title.html.erb (0.0ms)
  [1m[36mPost Load (1.0ms)[0m  [1mSELECT "posts".* FROM "posts"[0m
  [1m[35mCategory Load (1.0ms)[0m  SELECT "categories".* FROM "categories" INNER JOIN "post_categories" ON "categories"."id" = "post_categories"."category_id" WHERE "post_categories"."post_id" = ?  [["post_id", 1]]
  Rendered collection (0.0ms)
  [1m[36mUser Load (1.0ms)[0m  [1mSELECT "users".* FROM "users" WHERE "users"."id" = ? ORDER BY "users"."id" ASC LIMIT 1[0m  [["id", 1]]
  Rendered posts/_post.html.erb (110.0ms)
  Rendered posts/index.html.erb within layouts/application (130.0ms)
Completed 500 Internal Server Error in 142ms

ActionView::Template::Error (undefined method `username' for nil:NilClass):
     7:     <p> <%= post.description %></p>
     8:     <h5><%= link_to 'Edit Post', edit_post_path(post) %></h5>
     9:     <p>
    10:       <span class='quiet'>posted by</span> <%= post.user.username %>
    11:       <small>at <%= post.created_at %></small>
    12:     </p>
    13:     
  app/views/posts/_post.html.erb:10:in `_app_views_posts__post_html_erb___575007894_29717472'
  app/views/posts/index.html.erb:6:in `block in _app_views_posts_index_html_erb__963577666_29657196'
  app/views/posts/index.html.erb:5:in `_app_views_posts_index_html_erb__963577666_29657196'


  Rendered C:/RailsInstaller/Ruby1.9.3/lib/ruby/gems/1.9.1/gems/actionpack-4.0.0/lib/action_dispatch/middleware/templates/rescues/_trace.erb (3.0ms)
  Rendered C:/RailsInstaller/Ruby1.9.3/lib/ruby/gems/1.9.1/gems/actionpack-4.0.0/lib/action_dispatch/middleware/templates/rescues/_request_and_response.erb (2.0ms)
  Rendered C:/RailsInstaller/Ruby1.9.3/lib/ruby/gems/1.9.1/gems/actionpack-4.0.0/lib/action_dispatch/middleware/templates/rescues/template_error.erb within rescues/layout (63.0ms)


Started GET "/" for 127.0.0.1 at 2015-08-10 16:34:53 -0400
Processing by PostsController#index as HTML
  Rendered shared/_content_title.html.erb (0.0ms)
  [1m[35mPost Load (1.0ms)[0m  SELECT "posts".* FROM "posts"
  [1m[36mCategory Load (1.0ms)[0m  [1mSELECT "categories".* FROM "categories" INNER JOIN "post_categories" ON "categories"."id" = "post_categories"."category_id" WHERE "post_categories"."post_id" = ?[0m  [["post_id", 1]]
  Rendered collection (0.0ms)
  [1m[35mUser Load (1.0ms)[0m  SELECT "users".* FROM "users" WHERE "users"."id" = ? ORDER BY "users"."id" ASC LIMIT 1  [["id", 1]]
  Rendered posts/_post.html.erb (16.0ms)
  Rendered posts/index.html.erb within layouts/application (29.0ms)
Completed 500 Internal Server Error in 41ms

ActionView::Template::Error (undefined method `username' for nil:NilClass):
     7:     <p> <%= post.description %></p>
     8:     <h5><%= link_to 'Edit Post', edit_post_path(post) %></h5>
     9:     <p>
    10:       <span class='quiet'>posted by</span> <%= post.user.username %>
    11:       <small>at <%= post.created_at %></small>
    12:     </p>
    13:     
  app/views/posts/_post.html.erb:10:in `_app_views_posts__post_html_erb___575007894_41785764'
  app/views/posts/index.html.erb:6:in `block in _app_views_posts_index_html_erb__963577666_25260276'
  app/views/posts/index.html.erb:5:in `_app_views_posts_index_html_erb__963577666_25260276'


  Rendered C:/RailsInstaller/Ruby1.9.3/lib/ruby/gems/1.9.1/gems/actionpack-4.0.0/lib/action_dispatch/middleware/templates/rescues/_trace.erb (5.0ms)
  Rendered C:/RailsInstaller/Ruby1.9.3/lib/ruby/gems/1.9.1/gems/actionpack-4.0.0/lib/action_dispatch/middleware/templates/rescues/_request_and_response.erb (3.0ms)
  Rendered C:/RailsInstaller/Ruby1.9.3/lib/ruby/gems/1.9.1/gems/actionpack-4.0.0/lib/action_dispatch/middleware/templates/rescues/template_error.erb within rescues/layout (88.0ms)
  [1m[36mPost Load (16.0ms)[0m  [1mSELECT "posts".* FROM "posts" WHERE "posts"."id" = ? LIMIT 1[0m  [["id", 1]]
  [1m[35m (1.0ms)[0m  begin transaction
  [1m[36mSQL (12.0ms)[0m  [1mINSERT INTO "users" ("created_at", "updated_at", "username") VALUES (?, ?, ?)[0m  [["created_at", Mon, 10 Aug 2015 20:36:47 UTC +00:00], ["updated_at", Mon, 10 Aug 2015 20:36:47 UTC +00:00], ["username", "Some Guy"]]
  [1m[35m (65.0ms)[0m  commit transaction
  [1m[36mPost Load (1.0ms)[0m  [1mSELECT "posts".* FROM "posts" WHERE "posts"."id" = ? LIMIT 1[0m  [["id", 1]]
  [1m[35mUser Load (1.0ms)[0m  SELECT "users".* FROM "users" WHERE "users"."id" = ? ORDER BY "users"."id" ASC LIMIT 1  [["id", 1]]


Started GET "/" for 127.0.0.1 at 2015-08-10 16:37:20 -0400
Processing by PostsController#index as HTML
  Rendered shared/_content_title.html.erb (0.0ms)
  [1m[36mPost Load (1.0ms)[0m  [1mSELECT "posts".* FROM "posts"[0m
  [1m[35mCategory Load (1.0ms)[0m  SELECT "categories".* FROM "categories" INNER JOIN "post_categories" ON "categories"."id" = "post_categories"."category_id" WHERE "post_categories"."post_id" = ?  [["post_id", 1]]
  Rendered collection (0.0ms)
  [1m[36mUser Load (0.0ms)[0m  [1mSELECT "users".* FROM "users" WHERE "users"."id" = ? ORDER BY "users"."id" ASC LIMIT 1[0m  [["id", 1]]
  [1m[35mComment Load (0.0ms)[0m  SELECT "comments".* FROM "comments" WHERE "comments"."post_id" = ?  [["post_id", 1]]
  Rendered posts/_post.html.erb (37.0ms)
  Rendered posts/index.html.erb within layouts/application (51.0ms)
  [1m[36mCategory Load (0.0ms)[0m  [1mSELECT "categories".* FROM "categories"[0m
  Rendered layouts/_navigation.html.erb (34.0ms)
  Rendered layouts/_messages.html.erb (0.0ms)
Completed 200 OK in 152ms (Views: 149.0ms | ActiveRecord: 2.0ms)
  [1m[36m (0.0ms)[0m  [1mbegin transaction[0m
  [1m[35mCategory Exists (0.0ms)[0m  SELECT 1 AS one FROM "categories" WHERE "categories"."name" = 'News' LIMIT 1
  [1m[36mSQL (1.0ms)[0m  [1mINSERT INTO "categories" ("created_at", "name", "updated_at") VALUES (?, ?, ?)[0m  [["created_at", Mon, 10 Aug 2015 21:36:23 UTC +00:00], ["name", "News"], ["updated_at", Mon, 10 Aug 2015 21:36:23 UTC +00:00]]
  [1m[35m (11.0ms)[0m  commit transaction
  [1m[36mCategory Load (0.0ms)[0m  [1mSELECT "categories".* FROM "categories" WHERE "categories"."id" = ? LIMIT 1[0m  [["id", 1]]
  [1m[35mCategory Load (0.0ms)[0m  SELECT "categories".* FROM "categories" WHERE "categories"."id" = ? LIMIT 1  [["id", 2]]
  [1m[36m (0.0ms)[0m  [1mbegin transaction[0m
  [1m[35mCategory Exists (0.0ms)[0m  SELECT 1 AS one FROM "categories" WHERE "categories"."name" = 'Sports' LIMIT 1
  [1m[36mSQL (1.0ms)[0m  [1mINSERT INTO "categories" ("created_at", "name", "updated_at") VALUES (?, ?, ?)[0m  [["created_at", Mon, 10 Aug 2015 21:37:25 UTC +00:00], ["name", "Sports"], ["updated_at", Mon, 10 Aug 2015 21:37:25 UTC +00:00]]
  [1m[35m (8.0ms)[0m  commit transaction
  [1m[36m (2.0ms)[0m  [1mSELECT COUNT(*) FROM "categories"[0m
  [1m[35mCategory Load (0.0ms)[0m  SELECT "categories".* FROM "categories"
  [1m[36mCategory Load (0.0ms)[0m  [1mSELECT "categories".* FROM "categories"[0m
  [1m[35m (0.0ms)[0m  SELECT "categories".id FROM "categories" INNER JOIN "post_categories" ON "categories"."id" = "post_categories"."category_id" WHERE "post_categories"."post_id" = ?  [["post_id", 1]]
  [1m[36mCategory Load (0.0ms)[0m  [1mSELECT "categories".* FROM "categories" WHERE "categories"."id" = ? LIMIT 1[0m  [["id", 1]]
  [1m[35mCategory Load (0.0ms)[0m  SELECT "categories".* FROM "categories" INNER JOIN "post_categories" ON "categories"."id" = "post_categories"."category_id" WHERE "post_categories"."post_id" = ?  [["post_id", 1]]
  [1m[36m (0.0ms)[0m  [1mbegin transaction[0m
  [1m[35mSQL (1.0ms)[0m  INSERT INTO "post_categories" ("category_id", "post_id") VALUES (?, ?)  [["category_id", 1], ["post_id", 1]]
  [1m[36m (12.0ms)[0m  [1mcommit transaction[0m


Started GET "/" for 127.0.0.1 at 2015-08-10 17:39:17 -0400
Processing by PostsController#index as HTML
  Rendered shared/_content_title.html.erb (0.0ms)
  [1m[35mPost Load (1.0ms)[0m  SELECT "posts".* FROM "posts"
  [1m[36mCategory Load (0.0ms)[0m  [1mSELECT "categories".* FROM "categories" INNER JOIN "post_categories" ON "categories"."id" = "post_categories"."category_id" WHERE "post_categories"."post_id" = ?[0m  [["post_id", 1]]
  Rendered categories/_category.html.erb (1.0ms)
  [1m[35mUser Load (1.0ms)[0m  SELECT "users".* FROM "users" WHERE "users"."id" = ? ORDER BY "users"."id" ASC LIMIT 1  [["id", 1]]
  [1m[36mComment Load (0.0ms)[0m  [1mSELECT "comments".* FROM "comments" WHERE "comments"."post_id" = ?[0m  [["post_id", 1]]
  Rendered posts/_post.html.erb (22.0ms)
  Rendered posts/index.html.erb within layouts/application (36.0ms)
  [1m[35mCategory Load (0.0ms)[0m  SELECT "categories".* FROM "categories"
  Rendered layouts/_navigation.html.erb (1.0ms)
  Rendered layouts/_messages.html.erb (0.0ms)
Completed 200 OK in 89ms (Views: 86.0ms | ActiveRecord: 2.0ms)


Started GET "/posts/1/edit" for 127.0.0.1 at 2015-08-10 17:39:20 -0400
Processing by PostsController#edit as HTML
  Parameters: {"id"=>"1"}
  [1m[36mPost Load (0.0ms)[0m  [1mSELECT "posts".* FROM "posts" WHERE "posts"."id" = ? LIMIT 1[0m  [["id", "1"]]
  Rendered shared/_content_title.html.erb (0.0ms)
  Rendered shared/_errors.html.erb (0.0ms)
  [1m[35mCategory Load (0.0ms)[0m  SELECT "categories".* FROM "categories"
  Rendered posts/_form.html.erb (8.0ms)
  Rendered posts/edit.html.erb within layouts/application (87.0ms)
  [1m[36mCACHE (0.0ms)[0m  [1mSELECT "categories".* FROM "categories"[0m
  Rendered layouts/_navigation.html.erb (1.0ms)
  Rendered layouts/_messages.html.erb (0.0ms)
Completed 200 OK in 126ms (Views: 125.0ms | ActiveRecord: 0.0ms)


Started PATCH "/posts/1" for 127.0.0.1 at 2015-08-10 17:39:22 -0400
Processing by PostsController#update as HTML
  Parameters: {"utf8"=>"✓", "authenticity_token"=>"L5RNXZJddzl2OqUEMaK5b7t41bemuI6d5Sdf5JrIQxQ=", "post"=>{"title"=>"test title", "url"=>"test-url.com", "description"=>"test description", "category_ids"=>["2"]}, "commit"=>"Update Post", "id"=>"1"}
  [1m[35mPost Load (0.0ms)[0m  SELECT "posts".* FROM "posts" WHERE "posts"."id" = ? LIMIT 1  [["id", "1"]]
  [1m[36m (0.0ms)[0m  [1mbegin transaction[0m
  [1m[35mCategory Load (1.0ms)[0m  SELECT "categories".* FROM "categories" WHERE "categories"."id" = ? LIMIT 1  [["id", 2]]
  [1m[36mCategory Load (1.0ms)[0m  [1mSELECT "categories".* FROM "categories" INNER JOIN "post_categories" ON "categories"."id" = "post_categories"."category_id" WHERE "post_categories"."post_id" = ?[0m  [["post_id", 1]]
  [1m[35mSQL (2.0ms)[0m  DELETE FROM "post_categories" WHERE "post_categories"."post_id" = ? AND "post_categories"."category_id" = 1  [["post_id", 1]]
  [1m[36mSQL (1.0ms)[0m  [1mINSERT INTO "post_categories" ("category_id", "post_id") VALUES (?, ?)[0m  [["category_id", 2], ["post_id", 1]]
  [1m[35mPost Exists (0.0ms)[0m  SELECT 1 AS one FROM "posts" WHERE ("posts"."url" = 'test-url.com' AND "posts"."id" != 1) LIMIT 1
  [1m[36m (12.0ms)[0m  [1mcommit transaction[0m
Redirected to http://localhost:3000/posts
Completed 302 Found in 21222ms (ActiveRecord: 17.0ms)


Started GET "/posts" for 127.0.0.1 at 2015-08-10 17:39:43 -0400
Processing by PostsController#index as HTML
  Rendered shared/_content_title.html.erb (0.0ms)
  [1m[35mPost Load (0.0ms)[0m  SELECT "posts".* FROM "posts"
  [1m[36mCategory Load (0.0ms)[0m  [1mSELECT "categories".* FROM "categories" INNER JOIN "post_categories" ON "categories"."id" = "post_categories"."category_id" WHERE "post_categories"."post_id" = ?[0m  [["post_id", 1]]
  Rendered categories/_category.html.erb (0.0ms)
  [1m[35mUser Load (0.0ms)[0m  SELECT "users".* FROM "users" WHERE "users"."id" = ? ORDER BY "users"."id" ASC LIMIT 1  [["id", 1]]
  [1m[36mComment Load (1.0ms)[0m  [1mSELECT "comments".* FROM "comments" WHERE "comments"."post_id" = ?[0m  [["post_id", 1]]
  Rendered posts/_post.html.erb (10.0ms)
  Rendered posts/index.html.erb within layouts/application (16.0ms)
  [1m[35mCategory Load (0.0ms)[0m  SELECT "categories".* FROM "categories"
  Rendered layouts/_navigation.html.erb (2.0ms)
  Rendered layouts/_messages.html.erb (0.0ms)
Completed 200 OK in 54ms (Views: 53.0ms | ActiveRecord: 1.0ms)
  [1m[35mPost Load (1.0ms)[0m  SELECT "posts".* FROM "posts" WHERE "posts"."id" = ? LIMIT 1  [["id", ""]]
  [1m[36mPost Load (0.0ms)[0m  [1mSELECT "posts".* FROM "posts" WHERE "posts"."id" = ? LIMIT 1[0m  [["id", 1]]
  [1m[35mCategory Load (0.0ms)[0m  SELECT "categories".* FROM "categories" INNER JOIN "post_categories" ON "categories"."id" = "post_categories"."category_id" WHERE "post_categories"."post_id" = ?  [["post_id", 1]]
  [1m[36mPost Load (32.0ms)[0m  [1mSELECT "posts".* FROM "posts" WHERE "posts"."id" = ? LIMIT 1[0m  [["id", 1]]
  [1m[35mUser Load (0.0ms)[0m  SELECT "users".* FROM "users" ORDER BY "users"."id" ASC LIMIT 1
  [1m[36mComment Load (1.0ms)[0m  [1mSELECT "comments".* FROM "comments" ORDER BY "comments"."id" ASC LIMIT 1[0m
  [1m[35m (0.0ms)[0m  begin transaction
  [1m[36mSQL (20.0ms)[0m  [1mINSERT INTO "comments" ("body", "created_at", "post_id", "updated_at", "user_id") VALUES (?, ?, ?, ?, ?)[0m  [["body", "Great Post!"], ["created_at", Wed, 12 Aug 2015 14:18:10 UTC +00:00], ["post_id", 1], ["updated_at", Wed, 12 Aug 2015 14:18:10 UTC +00:00], ["user_id", 1]]
  [1m[35m (8.0ms)[0m  commit transaction
  [1m[36mPost Load (0.0ms)[0m  [1mSELECT "posts".* FROM "posts" WHERE "posts"."id" = ? LIMIT 1[0m  [["id", 1]]
  [1m[35mComment Load (1.0ms)[0m  SELECT "comments".* FROM "comments" WHERE "comments"."post_id" = ?  [["post_id", 1]]
  [1m[36mPost Load (0.0ms)[0m  [1mSELECT "posts".* FROM "posts" WHERE "posts"."id" = ? ORDER BY "posts"."id" ASC LIMIT 1[0m  [["id", 1]]
  [1m[35mCategory Load (0.0ms)[0m  SELECT "categories".* FROM "categories" WHERE "categories"."id" = ? LIMIT 1  [["id", 1]]
  [1m[36mCategory Load (1.0ms)[0m  [1mSELECT "categories".* FROM "categories" INNER JOIN "post_categories" ON "categories"."id" = "post_categories"."category_id" WHERE "post_categories"."post_id" = ?[0m  [["post_id", 1]]


Started GET "/" for 127.0.0.1 at 2015-08-12 10:20:12 -0400
  [1m[36mActiveRecord::SchemaMigration Load (0.0ms)[0m  [1mSELECT "schema_migrations".* FROM "schema_migrations"[0m
Processing by PostsController#index as HTML
  Rendered shared/_content_title.html.erb (1.0ms)
  [1m[35mPost Load (1.0ms)[0m  SELECT "posts".* FROM "posts"
  [1m[36mCategory Load (14.0ms)[0m  [1mSELECT "categories".* FROM "categories" INNER JOIN "post_categories" ON "categories"."id" = "post_categories"."category_id" WHERE "post_categories"."post_id" = ?[0m  [["post_id", 1]]
  Rendered categories/_category.html.erb (2.0ms)
  [1m[35mUser Load (1.0ms)[0m  SELECT "users".* FROM "users" WHERE "users"."id" = ? ORDER BY "users"."id" ASC LIMIT 1  [["id", 1]]
  [1m[36mComment Load (1.0ms)[0m  [1mSELECT "comments".* FROM "comments" WHERE "comments"."post_id" = ?[0m  [["post_id", 1]]
  Rendered posts/_post.html.erb (319.0ms)
  Rendered posts/index.html.erb within layouts/application (450.0ms)
  [1m[35mCategory Load (0.0ms)[0m  SELECT "categories".* FROM "categories"
  Rendered layouts/_navigation.html.erb (4.0ms)
  Rendered layouts/_messages.html.erb (1.0ms)
Completed 200 OK in 1425ms (Views: 1291.0ms | ActiveRecord: 24.0ms)


Started GET "/posts/1/edit" for 127.0.0.1 at 2015-08-12 10:20:18 -0400
Processing by PostsController#edit as HTML
  Parameters: {"id"=>"1"}
  [1m[36mPost Load (0.0ms)[0m  [1mSELECT "posts".* FROM "posts" WHERE "posts"."id" = ? LIMIT 1[0m  [["id", "1"]]
  Rendered shared/_content_title.html.erb (1.0ms)
  Rendered shared/_errors.html.erb (14.0ms)
  [1m[35mCategory Load (0.0ms)[0m  SELECT "categories".* FROM "categories"
  Rendered posts/_form.html.erb (193.0ms)
  Rendered posts/edit.html.erb within layouts/application (217.0ms)
  [1m[36mCACHE (0.0ms)[0m  [1mSELECT "categories".* FROM "categories"[0m
  Rendered layouts/_navigation.html.erb (5.0ms)
  Rendered layouts/_messages.html.erb (1.0ms)
Completed 200 OK in 311ms (Views: 307.0ms | ActiveRecord: 0.0ms)


Started GET "/posts/new" for 127.0.0.1 at 2015-08-12 10:20:22 -0400
Processing by PostsController#new as HTML
  Rendered shared/_content_title.html.erb (0.0ms)
  Rendered shared/_errors.html.erb (1.0ms)
  [1m[35mCategory Load (0.0ms)[0m  SELECT "categories".* FROM "categories"
  Rendered posts/_form.html.erb (15.0ms)
  Rendered posts/new.html.erb within layouts/application (30.0ms)
  [1m[36mCACHE (0.0ms)[0m  [1mSELECT "categories".* FROM "categories"[0m
  Rendered layouts/_navigation.html.erb (4.0ms)
  Rendered layouts/_messages.html.erb (0.0ms)
Completed 200 OK in 139ms (Views: 138.0ms | ActiveRecord: 0.0ms)


Started POST "/posts" for 127.0.0.1 at 2015-08-12 10:20:41 -0400
Processing by PostsController#create as HTML
  Parameters: {"utf8"=>"✓", "authenticity_token"=>"L5RNXZJddzl2OqUEMaK5b7t41bemuI6d5Sdf5JrIQxQ=", "post"=>{"title"=>"a test title", "url"=>"www.yahoo.com", "description"=>"second post!", "category_ids"=>["1"]}, "commit"=>"Create Post"}
  [1m[35mCategory Load (0.0ms)[0m  SELECT "categories".* FROM "categories" WHERE "categories"."id" = ? LIMIT 1  [["id", 1]]
  [1m[36m (1.0ms)[0m  [1mbegin transaction[0m
  [1m[35mCategory Exists (0.0ms)[0m  SELECT 1 AS one FROM "categories" WHERE ("categories"."name" = 'News' AND "categories"."id" != 1) LIMIT 1
  [1m[36mPost Exists (0.0ms)[0m  [1mSELECT 1 AS one FROM "posts" WHERE "posts"."url" = 'www.yahoo.com' LIMIT 1[0m
  [1m[35mSQL (2.0ms)[0m  INSERT INTO "posts" ("created_at", "description", "title", "updated_at", "url", "user_id") VALUES (?, ?, ?, ?, ?, ?)  [["created_at", Wed, 12 Aug 2015 14:20:52 UTC +00:00], ["description", "second post!"], ["title", "a test title"], ["updated_at", Wed, 12 Aug 2015 14:20:52 UTC +00:00], ["url", "www.yahoo.com"], ["user_id", 1]]
  [1m[36mSQL (1.0ms)[0m  [1mINSERT INTO "post_categories" ("category_id", "post_id") VALUES (?, ?)[0m  [["category_id", 1], ["post_id", 2]]
  [1m[35m (10.0ms)[0m  commit transaction
Redirected to http://localhost:3000/posts/2
Completed 302 Found in 11191ms (ActiveRecord: 15.0ms)


Started GET "/posts/2" for 127.0.0.1 at 2015-08-12 10:20:52 -0400
Processing by PostsController#show as HTML
  Parameters: {"id"=>"2"}
  [1m[36mPost Load (0.0ms)[0m  [1mSELECT "posts".* FROM "posts" WHERE "posts"."id" = ? LIMIT 1[0m  [["id", "2"]]
  [1m[35mCategory Load (0.0ms)[0m  SELECT "categories".* FROM "categories" INNER JOIN "post_categories" ON "categories"."id" = "post_categories"."category_id" WHERE "post_categories"."post_id" = ?  [["post_id", 2]]
  Rendered categories/_category.html.erb (0.0ms)
  Rendered shared/_content_title.html.erb (1.0ms)
  [1m[36mComment Load (0.0ms)[0m  [1mSELECT "comments".* FROM "comments" WHERE "comments"."post_id" = ?[0m  [["post_id", 2]]
  Rendered shared/_errors.html.erb (1.0ms)
  Rendered comments/_form.html.erb (34.0ms)
  Rendered posts/show.html.erb within layouts/application (104.0ms)
  [1m[35mCategory Load (0.0ms)[0m  SELECT "categories".* FROM "categories"
  Rendered layouts/_navigation.html.erb (3.0ms)
  Rendered layouts/_messages.html.erb (0.0ms)
Completed 200 OK in 200ms (Views: 196.0ms | ActiveRecord: 0.0ms)


Started GET "/posts" for 127.0.0.1 at 2015-08-12 10:20:56 -0400
Processing by PostsController#index as HTML
  Rendered shared/_content_title.html.erb (0.0ms)
  [1m[36mPost Load (1.0ms)[0m  [1mSELECT "posts".* FROM "posts"[0m
  [1m[35mCategory Load (0.0ms)[0m  SELECT "categories".* FROM "categories" INNER JOIN "post_categories" ON "categories"."id" = "post_categories"."category_id" WHERE "post_categories"."post_id" = ?  [["post_id", 1]]
  Rendered categories/_category.html.erb (2.0ms)
  [1m[36mUser Load (1.0ms)[0m  [1mSELECT "users".* FROM "users" WHERE "users"."id" = ? ORDER BY "users"."id" ASC LIMIT 1[0m  [["id", 1]]
  [1m[35mComment Load (1.0ms)[0m  SELECT "comments".* FROM "comments" WHERE "comments"."post_id" = ?  [["post_id", 1]]
  Rendered posts/_post.html.erb (17.0ms)
  [1m[36mCategory Load (0.0ms)[0m  [1mSELECT "categories".* FROM "categories" INNER JOIN "post_categories" ON "categories"."id" = "post_categories"."category_id" WHERE "post_categories"."post_id" = ?[0m  [["post_id", 2]]
  Rendered categories/_category.html.erb (0.0ms)
  [1m[35mCACHE (0.0ms)[0m  SELECT "users".* FROM "users" WHERE "users"."id" = ? ORDER BY "users"."id" ASC LIMIT 1  [["id", 1]]
  [1m[36mComment Load (0.0ms)[0m  [1mSELECT "comments".* FROM "comments" WHERE "comments"."post_id" = ?[0m  [["post_id", 2]]
  Rendered posts/_post.html.erb (16.0ms)
  Rendered posts/index.html.erb within layouts/application (53.0ms)
  [1m[35mCategory Load (1.0ms)[0m  SELECT "categories".* FROM "categories"
  Rendered layouts/_navigation.html.erb (4.0ms)
  Rendered layouts/_messages.html.erb (0.0ms)
Completed 200 OK in 123ms (Views: 118.0ms | ActiveRecord: 4.0ms)


Started GET "/posts/new" for 127.0.0.1 at 2015-08-12 10:20:59 -0400
Processing by PostsController#new as HTML
  Rendered shared/_content_title.html.erb (0.0ms)
  Rendered shared/_errors.html.erb (0.0ms)
  [1m[36mCategory Load (1.0ms)[0m  [1mSELECT "categories".* FROM "categories"[0m
  Rendered posts/_form.html.erb (13.0ms)
  Rendered posts/new.html.erb within layouts/application (23.0ms)
  [1m[35mCACHE (0.0ms)[0m  SELECT "categories".* FROM "categories"
  Rendered layouts/_navigation.html.erb (4.0ms)
  Rendered layouts/_messages.html.erb (0.0ms)
Completed 200 OK in 103ms (Views: 101.0ms | ActiveRecord: 1.0ms)


Started POST "/posts" for 127.0.0.1 at 2015-08-12 10:21:19 -0400
Processing by PostsController#create as HTML
  Parameters: {"utf8"=>"✓", "authenticity_token"=>"L5RNXZJddzl2OqUEMaK5b7t41bemuI6d5Sdf5JrIQxQ=", "post"=>{"title"=>"Sport News!", "url"=>"cnn.com", "description"=>"Local athlete does thing.", "category_ids"=>["1", "2"]}, "commit"=>"Create Post"}
  [1m[36mCategory Load (0.0ms)[0m  [1mSELECT "categories".* FROM "categories" WHERE "categories"."id" IN (1, 2)[0m
  [1m[35m (0.0ms)[0m  begin transaction
  [1m[36mCategory Exists (1.0ms)[0m  [1mSELECT 1 AS one FROM "categories" WHERE ("categories"."name" = 'News' AND "categories"."id" != 1) LIMIT 1[0m
  [1m[35mCategory Exists (0.0ms)[0m  SELECT 1 AS one FROM "categories" WHERE ("categories"."name" = 'Sports' AND "categories"."id" != 2) LIMIT 1
  [1m[36mPost Exists (0.0ms)[0m  [1mSELECT 1 AS one FROM "posts" WHERE "posts"."url" = 'cnn.com' LIMIT 1[0m
  [1m[35mSQL (2.0ms)[0m  INSERT INTO "posts" ("created_at", "description", "title", "updated_at", "url", "user_id") VALUES (?, ?, ?, ?, ?, ?)  [["created_at", Wed, 12 Aug 2015 14:21:21 UTC +00:00], ["description", "Local athlete does thing."], ["title", "Sport News!"], ["updated_at", Wed, 12 Aug 2015 14:21:21 UTC +00:00], ["url", "cnn.com"], ["user_id", 1]]
  [1m[36mSQL (0.0ms)[0m  [1mINSERT INTO "post_categories" ("category_id", "post_id") VALUES (?, ?)[0m  [["category_id", 1], ["post_id", 3]]
  [1m[35mSQL (0.0ms)[0m  INSERT INTO "post_categories" ("category_id", "post_id") VALUES (?, ?)  [["category_id", 2], ["post_id", 3]]
  [1m[36m (66.0ms)[0m  [1mcommit transaction[0m
Redirected to http://localhost:3000/posts/3
Completed 302 Found in 2808ms (ActiveRecord: 69.0ms)


Started GET "/posts/3" for 127.0.0.1 at 2015-08-12 10:21:22 -0400
Processing by PostsController#show as HTML
  Parameters: {"id"=>"3"}
  [1m[35mPost Load (1.0ms)[0m  SELECT "posts".* FROM "posts" WHERE "posts"."id" = ? LIMIT 1  [["id", "3"]]
  [1m[36mCategory Load (1.0ms)[0m  [1mSELECT "categories".* FROM "categories" INNER JOIN "post_categories" ON "categories"."id" = "post_categories"."category_id" WHERE "post_categories"."post_id" = ?[0m  [["post_id", 3]]
  Rendered categories/_category.html.erb (1.0ms)
  Rendered shared/_content_title.html.erb (0.0ms)
  [1m[35mComment Load (1.0ms)[0m  SELECT "comments".* FROM "comments" WHERE "comments"."post_id" = ?  [["post_id", 3]]
  Rendered shared/_errors.html.erb (0.0ms)
  Rendered comments/_form.html.erb (8.0ms)
  Rendered posts/show.html.erb within layouts/application (32.0ms)
  [1m[36mCategory Load (0.0ms)[0m  [1mSELECT "categories".* FROM "categories"[0m
  Rendered layouts/_navigation.html.erb (3.0ms)
  Rendered layouts/_messages.html.erb (1.0ms)
Completed 200 OK in 138ms (Views: 131.0ms | ActiveRecord: 3.0ms)


Started GET "/posts" for 127.0.0.1 at 2015-08-12 10:21:26 -0400
Processing by PostsController#index as HTML
  Rendered shared/_content_title.html.erb (0.0ms)
  [1m[35mPost Load (0.0ms)[0m  SELECT "posts".* FROM "posts"
  [1m[36mCategory Load (20.0ms)[0m  [1mSELECT "categories".* FROM "categories" INNER JOIN "post_categories" ON "categories"."id" = "post_categories"."category_id" WHERE "post_categories"."post_id" = ?[0m  [["post_id", 1]]
  Rendered categories/_category.html.erb (1.0ms)
  [1m[35mUser Load (1.0ms)[0m  SELECT "users".* FROM "users" WHERE "users"."id" = ? ORDER BY "users"."id" ASC LIMIT 1  [["id", 1]]
  [1m[36mComment Load (0.0ms)[0m  [1mSELECT "comments".* FROM "comments" WHERE "comments"."post_id" = ?[0m  [["post_id", 1]]
  Rendered posts/_post.html.erb (39.0ms)
  [1m[35mCategory Load (1.0ms)[0m  SELECT "categories".* FROM "categories" INNER JOIN "post_categories" ON "categories"."id" = "post_categories"."category_id" WHERE "post_categories"."post_id" = ?  [["post_id", 2]]
  Rendered categories/_category.html.erb (0.0ms)
  [1m[36mCACHE (0.0ms)[0m  [1mSELECT "users".* FROM "users" WHERE "users"."id" = ? ORDER BY "users"."id" ASC LIMIT 1[0m  [["id", 1]]
  [1m[35mComment Load (1.0ms)[0m  SELECT "comments".* FROM "comments" WHERE "comments"."post_id" = ?  [["post_id", 2]]
  Rendered posts/_post.html.erb (20.0ms)
  [1m[36mCategory Load (0.0ms)[0m  [1mSELECT "categories".* FROM "categories" INNER JOIN "post_categories" ON "categories"."id" = "post_categories"."category_id" WHERE "post_categories"."post_id" = ?[0m  [["post_id", 3]]
  Rendered categories/_category.html.erb (1.0ms)
  [1m[35mCACHE (0.0ms)[0m  SELECT "users".* FROM "users" WHERE "users"."id" = ? ORDER BY "users"."id" ASC LIMIT 1  [["id", 1]]
  [1m[36mComment Load (1.0ms)[0m  [1mSELECT "comments".* FROM "comments" WHERE "comments"."post_id" = ?[0m  [["post_id", 3]]
  Rendered posts/_post.html.erb (19.0ms)
  Rendered posts/index.html.erb within layouts/application (108.0ms)
  [1m[35mCategory Load (1.0ms)[0m  SELECT "categories".* FROM "categories"
  Rendered layouts/_navigation.html.erb (4.0ms)
  Rendered layouts/_messages.html.erb (1.0ms)
Completed 200 OK in 213ms (Views: 187.0ms | ActiveRecord: 25.0ms)


Started GET "/posts" for 127.0.0.1 at 2015-08-13 09:02:38 -0400
  [1m[36mActiveRecord::SchemaMigration Load (0.1ms)[0m  [1mSELECT "schema_migrations".* FROM "schema_migrations"[0m
Processing by PostsController#index as HTML
  Rendered shared/_content_title.html.erb (0.6ms)
  [1m[35mPost Load (0.1ms)[0m  SELECT "posts".* FROM "posts"
  [1m[36mCategory Load (3.6ms)[0m  [1mSELECT "categories".* FROM "categories" INNER JOIN "post_categories" ON "categories"."id" = "post_categories"."category_id" WHERE "post_categories"."post_id" = ?[0m  [["post_id", 1]]
  Rendered categories/_category.html.erb (2.9ms)
  [1m[35mUser Load (0.4ms)[0m  SELECT "users".* FROM "users" WHERE "users"."id" = ? ORDER BY "users"."id" ASC LIMIT 1  [["id", 1]]
  [1m[36mComment Load (0.2ms)[0m  [1mSELECT "comments".* FROM "comments" WHERE "comments"."post_id" = ?[0m  [["post_id", 1]]
  Rendered posts/_post.html.erb (193.3ms)
  [1m[35mCategory Load (0.2ms)[0m  SELECT "categories".* FROM "categories" INNER JOIN "post_categories" ON "categories"."id" = "post_categories"."category_id" WHERE "post_categories"."post_id" = ?  [["post_id", 2]]
  Rendered categories/_category.html.erb (0.3ms)
  [1m[36mCACHE (0.0ms)[0m  [1mSELECT "users".* FROM "users" WHERE "users"."id" = ? ORDER BY "users"."id" ASC LIMIT 1[0m  [["id", 1]]
  [1m[35mComment Load (0.2ms)[0m  SELECT "comments".* FROM "comments" WHERE "comments"."post_id" = ?  [["post_id", 2]]
  Rendered posts/_post.html.erb (6.5ms)
  [1m[36mCategory Load (0.5ms)[0m  [1mSELECT "categories".* FROM "categories" INNER JOIN "post_categories" ON "categories"."id" = "post_categories"."category_id" WHERE "post_categories"."post_id" = ?[0m  [["post_id", 3]]
  Rendered categories/_category.html.erb (0.5ms)
  [1m[35mCACHE (0.0ms)[0m  SELECT "users".* FROM "users" WHERE "users"."id" = ? ORDER BY "users"."id" ASC LIMIT 1  [["id", 1]]
  [1m[36mComment Load (0.2ms)[0m  [1mSELECT "comments".* FROM "comments" WHERE "comments"."post_id" = ?[0m  [["post_id", 3]]
  Rendered posts/_post.html.erb (16.4ms)
  Rendered posts/index.html.erb within layouts/application (258.2ms)
  [1m[35mCategory Load (0.6ms)[0m  SELECT "categories".* FROM "categories"
  Rendered layouts/_navigation.html.erb (4.5ms)
  Rendered layouts/_messages.html.erb (0.9ms)
Completed 200 OK in 3655ms (Views: 3616.7ms | ActiveRecord: 9.0ms)


Started GET "/posts" for 127.0.0.1 at 2015-08-13 09:02:47 -0400
Processing by PostsController#index as HTML
  Rendered shared/_content_title.html.erb (0.1ms)
  [1m[36mPost Load (0.2ms)[0m  [1mSELECT "posts".* FROM "posts"[0m
  [1m[35mCategory Load (0.3ms)[0m  SELECT "categories".* FROM "categories" INNER JOIN "post_categories" ON "categories"."id" = "post_categories"."category_id" WHERE "post_categories"."post_id" = ?  [["post_id", 1]]
  Rendered categories/_category.html.erb (0.6ms)
  [1m[36mUser Load (0.3ms)[0m  [1mSELECT "users".* FROM "users" WHERE "users"."id" = ? ORDER BY "users"."id" ASC LIMIT 1[0m  [["id", 1]]
  [1m[35mComment Load (0.2ms)[0m  SELECT "comments".* FROM "comments" WHERE "comments"."post_id" = ?  [["post_id", 1]]
  Rendered posts/_post.html.erb (10.7ms)
  [1m[36mCategory Load (0.2ms)[0m  [1mSELECT "categories".* FROM "categories" INNER JOIN "post_categories" ON "categories"."id" = "post_categories"."category_id" WHERE "post_categories"."post_id" = ?[0m  [["post_id", 2]]
  Rendered categories/_category.html.erb (0.3ms)
  [1m[35mCACHE (0.0ms)[0m  SELECT "users".* FROM "users" WHERE "users"."id" = ? ORDER BY "users"."id" ASC LIMIT 1  [["id", 1]]
  [1m[36mComment Load (0.2ms)[0m  [1mSELECT "comments".* FROM "comments" WHERE "comments"."post_id" = ?[0m  [["post_id", 2]]
  Rendered posts/_post.html.erb (5.6ms)
  [1m[35mCategory Load (0.3ms)[0m  SELECT "categories".* FROM "categories" INNER JOIN "post_categories" ON "categories"."id" = "post_categories"."category_id" WHERE "post_categories"."post_id" = ?  [["post_id", 3]]
  Rendered categories/_category.html.erb (0.4ms)
  [1m[36mCACHE (0.2ms)[0m  [1mSELECT "users".* FROM "users" WHERE "users"."id" = ? ORDER BY "users"."id" ASC LIMIT 1[0m  [["id", 1]]
  [1m[35mComment Load (0.2ms)[0m  SELECT "comments".* FROM "comments" WHERE "comments"."post_id" = ?  [["post_id", 3]]
  Rendered posts/_post.html.erb (9.1ms)
  Rendered posts/index.html.erb within layouts/application (30.8ms)
  [1m[36mCategory Load (0.2ms)[0m  [1mSELECT "categories".* FROM "categories"[0m
  Rendered layouts/_navigation.html.erb (2.0ms)
  Rendered layouts/_messages.html.erb (0.4ms)
Completed 200 OK in 48ms (Views: 45.4ms | ActiveRecord: 2.1ms)


Started GET "/posts/1/edit" for 127.0.0.1 at 2015-08-13 09:02:54 -0400
Processing by PostsController#edit as HTML
  Parameters: {"id"=>"1"}
  [1m[35mPost Load (0.3ms)[0m  SELECT "posts".* FROM "posts" WHERE "posts"."id" = ? LIMIT 1  [["id", "1"]]
  Rendered shared/_content_title.html.erb (0.7ms)
  Rendered shared/_errors.html.erb (3.7ms)
  [1m[36mCategory Load (0.2ms)[0m  [1mSELECT "categories".* FROM "categories"[0m
  Rendered posts/_form.html.erb (29.6ms)
  Rendered posts/edit.html.erb within layouts/application (43.9ms)
  [1m[35mCACHE (0.0ms)[0m  SELECT "categories".* FROM "categories"
  Rendered layouts/_navigation.html.erb (2.8ms)
  Rendered layouts/_messages.html.erb (0.8ms)
Completed 200 OK in 93ms (Views: 90.6ms | ActiveRecord: 0.5ms)


Started GET "/" for 127.0.0.1 at 2015-08-13 09:03:05 -0400
Processing by PostsController#index as HTML
  Rendered shared/_content_title.html.erb (0.1ms)
  [1m[36mPost Load (0.3ms)[0m  [1mSELECT "posts".* FROM "posts"[0m
  [1m[35mCategory Load (0.2ms)[0m  SELECT "categories".* FROM "categories" INNER JOIN "post_categories" ON "categories"."id" = "post_categories"."category_id" WHERE "post_categories"."post_id" = ?  [["post_id", 1]]
  Rendered categories/_category.html.erb (3.0ms)
  [1m[36mUser Load (0.2ms)[0m  [1mSELECT "users".* FROM "users" WHERE "users"."id" = ? ORDER BY "users"."id" ASC LIMIT 1[0m  [["id", 1]]
  [1m[35mComment Load (0.2ms)[0m  SELECT "comments".* FROM "comments" WHERE "comments"."post_id" = ?  [["post_id", 1]]
  Rendered posts/_post.html.erb (11.2ms)
  [1m[36mCategory Load (0.2ms)[0m  [1mSELECT "categories".* FROM "categories" INNER JOIN "post_categories" ON "categories"."id" = "post_categories"."category_id" WHERE "post_categories"."post_id" = ?[0m  [["post_id", 2]]
  Rendered categories/_category.html.erb (0.5ms)
  [1m[35mCACHE (0.0ms)[0m  SELECT "users".* FROM "users" WHERE "users"."id" = ? ORDER BY "users"."id" ASC LIMIT 1  [["id", 1]]
  [1m[36mComment Load (0.2ms)[0m  [1mSELECT "comments".* FROM "comments" WHERE "comments"."post_id" = ?[0m  [["post_id", 2]]
  Rendered posts/_post.html.erb (7.3ms)
  [1m[35mCategory Load (0.2ms)[0m  SELECT "categories".* FROM "categories" INNER JOIN "post_categories" ON "categories"."id" = "post_categories"."category_id" WHERE "post_categories"."post_id" = ?  [["post_id", 3]]
  Rendered categories/_category.html.erb (0.5ms)
  [1m[36mCACHE (0.0ms)[0m  [1mSELECT "users".* FROM "users" WHERE "users"."id" = ? ORDER BY "users"."id" ASC LIMIT 1[0m  [["id", 1]]
  [1m[35mComment Load (0.2ms)[0m  SELECT "comments".* FROM "comments" WHERE "comments"."post_id" = ?  [["post_id", 3]]
  Rendered posts/_post.html.erb (7.7ms)
  Rendered posts/index.html.erb within layouts/application (38.3ms)
  [1m[36mCategory Load (0.2ms)[0m  [1mSELECT "categories".* FROM "categories"[0m
  Rendered layouts/_navigation.html.erb (3.0ms)
  Rendered layouts/_messages.html.erb (0.1ms)
Completed 200 OK in 66ms (Views: 62.9ms | ActiveRecord: 1.9ms)


Started GET "/posts/2/edit" for 127.0.0.1 at 2015-08-13 09:03:10 -0400
Processing by PostsController#edit as HTML
  Parameters: {"id"=>"2"}
  [1m[35mPost Load (0.2ms)[0m  SELECT "posts".* FROM "posts" WHERE "posts"."id" = ? LIMIT 1  [["id", "2"]]
  Rendered shared/_content_title.html.erb (0.1ms)
  Rendered shared/_errors.html.erb (0.1ms)
  [1m[36mCategory Load (0.3ms)[0m  [1mSELECT "categories".* FROM "categories"[0m
  Rendered posts/_form.html.erb (6.5ms)
  Rendered posts/edit.html.erb within layouts/application (13.6ms)
  [1m[35mCACHE (0.0ms)[0m  SELECT "categories".* FROM "categories"
  Rendered layouts/_navigation.html.erb (2.1ms)
  Rendered layouts/_messages.html.erb (0.1ms)
Completed 200 OK in 43ms (Views: 40.5ms | ActiveRecord: 0.5ms)


Started PATCH "/posts/2" for 127.0.0.1 at 2015-08-13 09:03:12 -0400
Processing by PostsController#update as HTML
  Parameters: {"utf8"=>"✓", "authenticity_token"=>"D9nYUDx1BslN/j83kIXz7Pi3O2IaLdSCSJ7alzHHVUE=", "post"=>{"title"=>"a test title", "url"=>"www.yahoo.com", "description"=>"second post!", "category_ids"=>["1"]}, "commit"=>"Update Post", "id"=>"2"}
  [1m[36mPost Load (0.2ms)[0m  [1mSELECT "posts".* FROM "posts" WHERE "posts"."id" = ? LIMIT 1[0m  [["id", "2"]]
  [1m[35m (0.2ms)[0m  begin transaction
  [1m[36mCategory Load (0.3ms)[0m  [1mSELECT "categories".* FROM "categories" WHERE "categories"."id" = ? LIMIT 1[0m  [["id", 1]]
  [1m[35mCategory Load (0.1ms)[0m  SELECT "categories".* FROM "categories" INNER JOIN "post_categories" ON "categories"."id" = "post_categories"."category_id" WHERE "post_categories"."post_id" = ?  [["post_id", 2]]
  [1m[36mPost Exists (0.2ms)[0m  [1mSELECT 1 AS one FROM "posts" WHERE ("posts"."url" = 'www.yahoo.com' AND "posts"."id" != 2) LIMIT 1[0m
  [1m[35m (0.1ms)[0m  commit transaction
Redirected to http://localhost:3000/posts
Completed 302 Found in 12158ms (ActiveRecord: 1.1ms)


Started GET "/posts" for 127.0.0.1 at 2015-08-13 09:03:25 -0400
Processing by PostsController#index as HTML
  Rendered shared/_content_title.html.erb (0.1ms)
  [1m[36mPost Load (0.3ms)[0m  [1mSELECT "posts".* FROM "posts"[0m
  [1m[35mCategory Load (0.2ms)[0m  SELECT "categories".* FROM "categories" INNER JOIN "post_categories" ON "categories"."id" = "post_categories"."category_id" WHERE "post_categories"."post_id" = ?  [["post_id", 1]]
  Rendered categories/_category.html.erb (0.4ms)
  [1m[36mUser Load (0.2ms)[0m  [1mSELECT "users".* FROM "users" WHERE "users"."id" = ? ORDER BY "users"."id" ASC LIMIT 1[0m  [["id", 1]]
  [1m[35mComment Load (0.1ms)[0m  SELECT "comments".* FROM "comments" WHERE "comments"."post_id" = ?  [["post_id", 1]]
  Rendered posts/_post.html.erb (6.2ms)
  [1m[36mCategory Load (0.2ms)[0m  [1mSELECT "categories".* FROM "categories" INNER JOIN "post_categories" ON "categories"."id" = "post_categories"."category_id" WHERE "post_categories"."post_id" = ?[0m  [["post_id", 2]]
  Rendered categories/_category.html.erb (0.3ms)
  [1m[35mCACHE (0.0ms)[0m  SELECT "users".* FROM "users" WHERE "users"."id" = ? ORDER BY "users"."id" ASC LIMIT 1  [["id", 1]]
  [1m[36mComment Load (0.2ms)[0m  [1mSELECT "comments".* FROM "comments" WHERE "comments"."post_id" = ?[0m  [["post_id", 2]]
  Rendered posts/_post.html.erb (8.4ms)
  [1m[35mCategory Load (0.2ms)[0m  SELECT "categories".* FROM "categories" INNER JOIN "post_categories" ON "categories"."id" = "post_categories"."category_id" WHERE "post_categories"."post_id" = ?  [["post_id", 3]]
  Rendered categories/_category.html.erb (0.4ms)
  [1m[36mCACHE (0.0ms)[0m  [1mSELECT "users".* FROM "users" WHERE "users"."id" = ? ORDER BY "users"."id" ASC LIMIT 1[0m  [["id", 1]]
  [1m[35mComment Load (0.2ms)[0m  SELECT "comments".* FROM "comments" WHERE "comments"."post_id" = ?  [["post_id", 3]]
  Rendered posts/_post.html.erb (5.7ms)
  Rendered posts/index.html.erb within layouts/application (26.0ms)
  [1m[36mCategory Load (0.2ms)[0m  [1mSELECT "categories".* FROM "categories"[0m
  Rendered layouts/_navigation.html.erb (1.9ms)
  Rendered layouts/_messages.html.erb (0.1ms)
Completed 200 OK in 43ms (Views: 40.0ms | ActiveRecord: 1.7ms)


Started GET "/categories/1" for 127.0.0.1 at 2015-08-13 09:03:28 -0400
Processing by CategoriesController#show as HTML
  Parameters: {"id"=>"1"}
  [1m[35mCategory Load (0.3ms)[0m  SELECT "categories".* FROM "categories" WHERE "categories"."id" = ? LIMIT 1  [["id", "1"]]
  Rendered shared/_content_title.html.erb (0.1ms)
  [1m[36mPost Load (0.4ms)[0m  [1mSELECT "posts".* FROM "posts" INNER JOIN "post_categories" ON "posts"."id" = "post_categories"."post_id" WHERE "post_categories"."category_id" = ?[0m  [["category_id", 1]]
  [1m[35mCategory Load (0.2ms)[0m  SELECT "categories".* FROM "categories" INNER JOIN "post_categories" ON "categories"."id" = "post_categories"."category_id" WHERE "post_categories"."post_id" = ?  [["post_id", 2]]
  Rendered categories/_category.html.erb (4.4ms)
  [1m[36mUser Load (0.2ms)[0m  [1mSELECT "users".* FROM "users" WHERE "users"."id" = ? ORDER BY "users"."id" ASC LIMIT 1[0m  [["id", 1]]
  [1m[35mComment Load (0.2ms)[0m  SELECT "comments".* FROM "comments" WHERE "comments"."post_id" = ?  [["post_id", 2]]
  Rendered posts/_post.html.erb (15.0ms)
  [1m[36mCategory Load (0.2ms)[0m  [1mSELECT "categories".* FROM "categories" INNER JOIN "post_categories" ON "categories"."id" = "post_categories"."category_id" WHERE "post_categories"."post_id" = ?[0m  [["post_id", 3]]
  Rendered categories/_category.html.erb (0.5ms)
  [1m[35mCACHE (0.1ms)[0m  SELECT "users".* FROM "users" WHERE "users"."id" = ? ORDER BY "users"."id" ASC LIMIT 1  [["id", 1]]
  [1m[36mComment Load (0.2ms)[0m  [1mSELECT "comments".* FROM "comments" WHERE "comments"."post_id" = ?[0m  [["post_id", 3]]
  Rendered posts/_post.html.erb (9.5ms)
  Rendered categories/show.html.erb within layouts/application (34.7ms)
  [1m[35mCategory Load (0.3ms)[0m  SELECT "categories".* FROM "categories"
  Rendered layouts/_navigation.html.erb (4.3ms)
  Rendered layouts/_messages.html.erb (0.2ms)
Completed 200 OK in 77ms (Views: 73.2ms | ActiveRecord: 1.9ms)


Started GET "/categories/2" for 127.0.0.1 at 2015-08-13 09:03:30 -0400
Processing by CategoriesController#show as HTML
  Parameters: {"id"=>"2"}
  [1m[36mCategory Load (0.2ms)[0m  [1mSELECT "categories".* FROM "categories" WHERE "categories"."id" = ? LIMIT 1[0m  [["id", "2"]]
  Rendered shared/_content_title.html.erb (0.0ms)
  [1m[35mPost Load (0.3ms)[0m  SELECT "posts".* FROM "posts" INNER JOIN "post_categories" ON "posts"."id" = "post_categories"."post_id" WHERE "post_categories"."category_id" = ?  [["category_id", 2]]
  [1m[36mCategory Load (0.2ms)[0m  [1mSELECT "categories".* FROM "categories" INNER JOIN "post_categories" ON "categories"."id" = "post_categories"."category_id" WHERE "post_categories"."post_id" = ?[0m  [["post_id", 1]]
  Rendered categories/_category.html.erb (0.3ms)
  [1m[35mUser Load (0.2ms)[0m  SELECT "users".* FROM "users" WHERE "users"."id" = ? ORDER BY "users"."id" ASC LIMIT 1  [["id", 1]]
  [1m[36mComment Load (0.2ms)[0m  [1mSELECT "comments".* FROM "comments" WHERE "comments"."post_id" = ?[0m  [["post_id", 1]]
  Rendered posts/_post.html.erb (8.6ms)
  [1m[35mCategory Load (0.2ms)[0m  SELECT "categories".* FROM "categories" INNER JOIN "post_categories" ON "categories"."id" = "post_categories"."category_id" WHERE "post_categories"."post_id" = ?  [["post_id", 3]]
  Rendered categories/_category.html.erb (1.4ms)
  [1m[36mCACHE (0.0ms)[0m  [1mSELECT "users".* FROM "users" WHERE "users"."id" = ? ORDER BY "users"."id" ASC LIMIT 1[0m  [["id", 1]]
  [1m[35mComment Load (0.2ms)[0m  SELECT "comments".* FROM "comments" WHERE "comments"."post_id" = ?  [["post_id", 3]]
  Rendered posts/_post.html.erb (11.3ms)
  Rendered categories/show.html.erb within layouts/application (27.5ms)
  [1m[36mCategory Load (0.2ms)[0m  [1mSELECT "categories".* FROM "categories"[0m
  Rendered layouts/_navigation.html.erb (1.9ms)
  Rendered layouts/_messages.html.erb (0.1ms)
Completed 200 OK in 50ms (Views: 47.0ms | ActiveRecord: 1.7ms)


Started GET "/" for 127.0.0.1 at 2015-08-13 09:03:34 -0400
Processing by PostsController#index as HTML
  Rendered shared/_content_title.html.erb (0.1ms)
  [1m[35mPost Load (0.2ms)[0m  SELECT "posts".* FROM "posts"
  [1m[36mCategory Load (0.7ms)[0m  [1mSELECT "categories".* FROM "categories" INNER JOIN "post_categories" ON "categories"."id" = "post_categories"."category_id" WHERE "post_categories"."post_id" = ?[0m  [["post_id", 1]]
  Rendered categories/_category.html.erb (0.5ms)
  [1m[35mUser Load (0.2ms)[0m  SELECT "users".* FROM "users" WHERE "users"."id" = ? ORDER BY "users"."id" ASC LIMIT 1  [["id", 1]]
  [1m[36mComment Load (0.2ms)[0m  [1mSELECT "comments".* FROM "comments" WHERE "comments"."post_id" = ?[0m  [["post_id", 1]]
  Rendered posts/_post.html.erb (10.1ms)
  [1m[35mCategory Load (0.2ms)[0m  SELECT "categories".* FROM "categories" INNER JOIN "post_categories" ON "categories"."id" = "post_categories"."category_id" WHERE "post_categories"."post_id" = ?  [["post_id", 2]]
  Rendered categories/_category.html.erb (0.3ms)
  [1m[36mCACHE (0.0ms)[0m  [1mSELECT "users".* FROM "users" WHERE "users"."id" = ? ORDER BY "users"."id" ASC LIMIT 1[0m  [["id", 1]]
  [1m[35mComment Load (0.2ms)[0m  SELECT "comments".* FROM "comments" WHERE "comments"."post_id" = ?  [["post_id", 2]]
  Rendered posts/_post.html.erb (6.3ms)
  [1m[36mCategory Load (0.4ms)[0m  [1mSELECT "categories".* FROM "categories" INNER JOIN "post_categories" ON "categories"."id" = "post_categories"."category_id" WHERE "post_categories"."post_id" = ?[0m  [["post_id", 3]]
  Rendered categories/_category.html.erb (0.5ms)
  [1m[35mCACHE (0.0ms)[0m  SELECT "users".* FROM "users" WHERE "users"."id" = ? ORDER BY "users"."id" ASC LIMIT 1  [["id", 1]]
  [1m[36mComment Load (0.2ms)[0m  [1mSELECT "comments".* FROM "comments" WHERE "comments"."post_id" = ?[0m  [["post_id", 3]]
  Rendered posts/_post.html.erb (12.8ms)
  Rendered posts/index.html.erb within layouts/application (41.3ms)
  [1m[35mCategory Load (0.2ms)[0m  SELECT "categories".* FROM "categories"
  Rendered layouts/_navigation.html.erb (1.9ms)
  Rendered layouts/_messages.html.erb (0.1ms)
Completed 200 OK in 64ms (Views: 61.0ms | ActiveRecord: 2.5ms)
